*** Starting uWSGI 2.0.16 (64bit) on [Mon Apr 16 20:10:51 2018] ***
compiled with version: 4.8.5 20150623 (Red Hat 4.8.5-16) on 13 February 2018 02:48:03
os: Linux-3.10.0-514.el7.x86_64 #1 SMP Tue Nov 22 16:42:41 UTC 2016
nodename: localhost.localdomain
machine: x86_64
clock source: unix
pcre jit disabled
detected number of CPU cores: 1
current working directory: /root/automatic/templates/assets/js
writing pidfile to uwsgi.pid
detected binary path: /usr/sbin/uwsgi
dropping root privileges as early as possible
setgid() to 988
setuid() to 991
your processes number limit is 15023
your memory page size is 4096 bytes
detected max file descriptor number: 1024
lock engine: pthread robust mutexes
thunder lock: disabled (you can enable it with --thunder-lock)
probably another instance of uWSGI is running on the same address (127.0.0.1:5000).
bind(): Address already in use [core/socket.c line 769]
*** starting uWSGI Emperor ***
